--------------------------------------------
k: 5, distance: manhattan
accuracy0: 0.8407079646017699  time: 14.68901252746582
accuracy1: 0.8390989541432019  time: 13.670090198516846
accuracy2: 0.835076427996782  time: 13.092552900314331
average_accuracy: 0.8382944489139179
--------------------------------------------
--------------------------------------------
k: 5, distance: euclidean
accuracy0: 0.8189863234111022  time: 16.185882568359375
accuracy1: 0.8004827031375704  time: 16.884154319763184
accuracy2: 0.8181818181818182  time: 16.72579836845398
average_accuracy: 0.8125502815768303
--------------------------------------------
--------------------------------------------
k: 5, distance: chebyshev
accuracy0: 0.7739340305711987  time: 13.40714693069458
accuracy1: 0.7811745776347546  time: 13.279619693756104
accuracy2: 0.7747385358004827  time: 13.463364601135254
average_accuracy: 0.7766157146688121
--------------------------------------------
--------------------------------------------
k: 10, distance: manhattan
accuracy0: 0.8230088495575221  time: 13.351742029190063
accuracy1: 0.829444891391794  time: 13.345418453216553
accuracy2: 0.8535800482703138  time: 13.84172511100769
average_accuracy: 0.8353445964065432
--------------------------------------------
--------------------------------------------
k: 10, distance: euclidean
accuracy0: 0.7916331456154465  time: 16.605052947998047
accuracy1: 0.7908286403861625  time: 17.224450826644897
accuracy2: 0.7819790828640386  time: 17.530131816864014
average_accuracy: 0.7881469562885491
--------------------------------------------
--------------------------------------------
k: 10, distance: chebyshev
accuracy0: 0.7554304102976669  time: 14.39037561416626
accuracy1: 0.7707160096540627  time: 14.406282424926758
accuracy2: 0.7691069991954947  time: 14.704061031341553
average_accuracy: 0.7650844730490748
--------------------------------------------
--------------------------------------------
k: 20, distance: manhattan
accuracy0: 0.8230088495575221  time: 16.58033299446106
accuracy1: 0.8173773129525342  time: 16.431153535842896
accuracy2: 0.8222043443282381  time: 14.961914777755737
average_accuracy: 0.8208635022794315
--------------------------------------------
--------------------------------------------
k: 20, distance: euclidean
accuracy0: 0.7699115044247787  time: 17.77803134918213
accuracy1: 0.7570394207562349  time: 18.381224632263184
accuracy2: 0.7674979887369268  time: 18.26060676574707
average_accuracy: 0.7648163046393135
--------------------------------------------
--------------------------------------------
k: 20, distance: chebyshev
accuracy0: 0.7570394207562349  time: 14.692160844802856
accuracy1: 0.7634754625905068  time: 14.171953439712524
accuracy2: 0.7618664521319388  time: 14.876239538192749
average_accuracy: 0.7607937784928934
--------------------------------------------
--------------------------------------------
k: 30, distance: manhattan
accuracy0: 0.8085277554304103  time: 13.542191982269287
accuracy1: 0.7868061142397426  time: 13.421526432037354
accuracy2: 0.8238133547868061  time: 13.568702459335327
average_accuracy: 0.8063824081523197
--------------------------------------------
--------------------------------------------
k: 30, distance: euclidean
accuracy0: 0.7506033789219629  time: 16.656279802322388
accuracy1: 0.7771520514883347  time: 16.834028005599976
accuracy2: 0.7586484312148029  time: 16.79198169708252
average_accuracy: 0.7621346205417002
--------------------------------------------
--------------------------------------------
k: 30, distance: chebyshev
accuracy0: 0.7554304102976669  time: 14.466708183288574
accuracy1: 0.7457763475462591  time: 14.327943325042725
accuracy2: 0.7489943684633951  time: 14.081903457641602
average_accuracy: 0.7500670421024404
--------------------------------------------
